<?xml version="1.0" encoding="UTF-8"?>
<robot generator="Robot 3.2.2 (Python 3.7.4 on win32)" generated="20211111 00:58:28.023" rpa="false">
<suite id="s1" name="DataDrivenTesting" source="C:\Users\bishals\development\robot-python\TestCases\DataDrivenTesting.robot">
<test id="s1-t1" name="Data Driven Testing">
<kw name="Open Browser" library="SeleniumLibrary">
<doc>Opens a new browser instance to the optional ``url``.</doc>
<arguments>
<arg>${URL}</arg>
<arg>Firefox</arg>
</arguments>
<msg timestamp="20211111 00:58:28.819" level="INFO">Opening browser 'Firefox' to base url 'https://www.thetestingworld.com/'.</msg>
<msg timestamp="20211111 00:58:28.820" level="INFO">Firefox driver log is always forced to to: C:\Users\bishals\development\robot-python\TestCases\geckodriver-6.log</msg>
<status status="PASS" starttime="20211111 00:58:28.819" endtime="20211111 00:58:39.143"></status>
</kw>
<kw name="Maximize Browser Window" library="SeleniumLibrary">
<doc>Maximizes current browser window.</doc>
<status status="PASS" starttime="20211111 00:58:39.144" endtime="20211111 00:58:39.158"></status>
</kw>
<kw name="Click Element" library="SeleniumLibrary">
<doc>Click the element identified by ``locator``.</doc>
<arguments>
<arg>xpath://a[text()='Login']</arg>
</arguments>
<msg timestamp="20211111 00:58:39.159" level="INFO">Clicking element 'xpath://a[text()='Login']'.</msg>
<status status="PASS" starttime="20211111 00:58:39.158" endtime="20211111 00:58:40.715"></status>
</kw>
<kw name="Read Number of rows" library="DataDrivenResource">
<arguments>
<arg>Sheet1</arg>
</arguments>
<assign>
<var>${row}</var>
</assign>
<kw name="Fetch Number Of Rows" library="DataDriven">
<arguments>
<arg>${Sheetname}</arg>
</arguments>
<assign>
<var>${maxr}</var>
</assign>
<msg timestamp="20211111 00:58:40.718" level="INFO">${maxr} = 5</msg>
<status status="PASS" starttime="20211111 00:58:40.717" endtime="20211111 00:58:40.718"></status>
</kw>
<msg timestamp="20211111 00:58:40.718" level="INFO">${row} = 5</msg>
<status status="PASS" starttime="20211111 00:58:40.716" endtime="20211111 00:58:40.718"></status>
</kw>
<kw name="Log To Console" library="BuiltIn">
<doc>Logs the given message to the console.</doc>
<arguments>
<arg>${row}</arg>
</arguments>
<status status="PASS" starttime="20211111 00:58:40.720" endtime="20211111 00:58:40.721"></status>
</kw>
<kw name="${i} IN RANGE [ 1 | ${row}+1 ]" type="for">
<kw name="${i} = 1" type="foritem">
<kw name="Read Cell Data" library="DataDrivenResource">
<arguments>
<arg>Sheet1</arg>
<arg>${i}</arg>
<arg>1</arg>
</arguments>
<assign>
<var>${username}</var>
</assign>
<kw name="Fetch Cell Data" library="DataDriven">
<arguments>
<arg>${Sheetname}</arg>
<arg>${row}</arg>
<arg>${col}</arg>
</arguments>
<assign>
<var>${cell_data}</var>
</assign>
<msg timestamp="20211111 00:58:40.724" level="INFO">${cell_data} = user1</msg>
<status status="PASS" starttime="20211111 00:58:40.724" endtime="20211111 00:58:40.724"></status>
</kw>
<msg timestamp="20211111 00:58:40.725" level="INFO">${username} = user1</msg>
<status status="PASS" starttime="20211111 00:58:40.723" endtime="20211111 00:58:40.725"></status>
</kw>
<kw name="Read Cell Data" library="DataDrivenResource">
<arguments>
<arg>Sheet1</arg>
<arg>${i}</arg>
<arg>2</arg>
</arguments>
<assign>
<var>${password}</var>
</assign>
<kw name="Fetch Cell Data" library="DataDriven">
<arguments>
<arg>${Sheetname}</arg>
<arg>${row}</arg>
<arg>${col}</arg>
</arguments>
<assign>
<var>${cell_data}</var>
</assign>
<msg timestamp="20211111 00:58:40.727" level="INFO">${cell_data} = pass1</msg>
<status status="PASS" starttime="20211111 00:58:40.726" endtime="20211111 00:58:40.727"></status>
</kw>
<msg timestamp="20211111 00:58:40.727" level="INFO">${password} = pass1</msg>
<status status="PASS" starttime="20211111 00:58:40.725" endtime="20211111 00:58:40.727"></status>
</kw>
<kw name="Input Text" library="SeleniumLibrary">
<doc>Types the given ``text`` into the text field identified by ``locator``.</doc>
<arguments>
<arg>name:username</arg>
<arg>${username}</arg>
</arguments>
<msg timestamp="20211111 00:58:40.728" level="INFO">Typing text 'user1' into text field 'name:username'.</msg>
<status status="PASS" starttime="20211111 00:58:40.728" endtime="20211111 00:58:40.804"></status>
</kw>
<kw name="Input Text" library="SeleniumLibrary">
<doc>Types the given ``text`` into the text field identified by ``locator``.</doc>
<arguments>
<arg>name:password</arg>
<arg>${password}</arg>
</arguments>
<msg timestamp="20211111 00:58:40.804" level="INFO">Typing text 'pass1' into text field 'name:password'.</msg>
<status status="PASS" starttime="20211111 00:58:40.804" endtime="20211111 00:58:40.826"></status>
</kw>
<kw name="Click Button" library="SeleniumLibrary">
<doc>Clicks the button identified by ``locator``.</doc>
<arguments>
<arg>xpath://button[@type='submit']</arg>
</arguments>
<msg timestamp="20211111 00:58:40.826" level="INFO">Clicking button 'xpath://button[@type='submit']'.</msg>
<status status="PASS" starttime="20211111 00:58:40.826" endtime="20211111 00:58:41.706"></status>
</kw>
<kw name="Sleep" library="BuiltIn">
<doc>Pauses the test executed for the given time.</doc>
<arguments>
<arg>5s</arg>
</arguments>
<msg timestamp="20211111 00:58:46.721" level="INFO">Slept 5 seconds</msg>
<status status="PASS" starttime="20211111 00:58:41.706" endtime="20211111 00:58:46.721"></status>
</kw>
<status status="PASS" starttime="20211111 00:58:40.722" endtime="20211111 00:58:46.721"></status>
</kw>
<kw name="${i} = 2" type="foritem">
<kw name="Read Cell Data" library="DataDrivenResource">
<arguments>
<arg>Sheet1</arg>
<arg>${i}</arg>
<arg>1</arg>
</arguments>
<assign>
<var>${username}</var>
</assign>
<kw name="Fetch Cell Data" library="DataDriven">
<arguments>
<arg>${Sheetname}</arg>
<arg>${row}</arg>
<arg>${col}</arg>
</arguments>
<assign>
<var>${cell_data}</var>
</assign>
<msg timestamp="20211111 00:58:46.722" level="INFO">${cell_data} = user2</msg>
<status status="PASS" starttime="20211111 00:58:46.722" endtime="20211111 00:58:46.722"></status>
</kw>
<msg timestamp="20211111 00:58:46.723" level="INFO">${username} = user2</msg>
<status status="PASS" starttime="20211111 00:58:46.721" endtime="20211111 00:58:46.723"></status>
</kw>
<kw name="Read Cell Data" library="DataDrivenResource">
<arguments>
<arg>Sheet1</arg>
<arg>${i}</arg>
<arg>2</arg>
</arguments>
<assign>
<var>${password}</var>
</assign>
<kw name="Fetch Cell Data" library="DataDriven">
<arguments>
<arg>${Sheetname}</arg>
<arg>${row}</arg>
<arg>${col}</arg>
</arguments>
<assign>
<var>${cell_data}</var>
</assign>
<msg timestamp="20211111 00:58:46.723" level="INFO">${cell_data} = pass2</msg>
<status status="PASS" starttime="20211111 00:58:46.723" endtime="20211111 00:58:46.724"></status>
</kw>
<msg timestamp="20211111 00:58:46.724" level="INFO">${password} = pass2</msg>
<status status="PASS" starttime="20211111 00:58:46.723" endtime="20211111 00:58:46.724"></status>
</kw>
<kw name="Input Text" library="SeleniumLibrary">
<doc>Types the given ``text`` into the text field identified by ``locator``.</doc>
<arguments>
<arg>name:username</arg>
<arg>${username}</arg>
</arguments>
<msg timestamp="20211111 00:58:46.724" level="INFO">Typing text 'user2' into text field 'name:username'.</msg>
<status status="PASS" starttime="20211111 00:58:46.724" endtime="20211111 00:58:46.749"></status>
</kw>
<kw name="Input Text" library="SeleniumLibrary">
<doc>Types the given ``text`` into the text field identified by ``locator``.</doc>
<arguments>
<arg>name:password</arg>
<arg>${password}</arg>
</arguments>
<msg timestamp="20211111 00:58:46.750" level="INFO">Typing text 'pass2' into text field 'name:password'.</msg>
<status status="PASS" starttime="20211111 00:58:46.749" endtime="20211111 00:58:46.772"></status>
</kw>
<kw name="Click Button" library="SeleniumLibrary">
<doc>Clicks the button identified by ``locator``.</doc>
<arguments>
<arg>xpath://button[@type='submit']</arg>
</arguments>
<msg timestamp="20211111 00:58:46.772" level="INFO">Clicking button 'xpath://button[@type='submit']'.</msg>
<status status="PASS" starttime="20211111 00:58:46.772" endtime="20211111 00:58:47.520"></status>
</kw>
<kw name="Sleep" library="BuiltIn">
<doc>Pauses the test executed for the given time.</doc>
<arguments>
<arg>5s</arg>
</arguments>
<msg timestamp="20211111 00:58:52.530" level="INFO">Slept 5 seconds</msg>
<status status="PASS" starttime="20211111 00:58:47.520" endtime="20211111 00:58:52.530"></status>
</kw>
<status status="PASS" starttime="20211111 00:58:46.721" endtime="20211111 00:58:52.530"></status>
</kw>
<kw name="${i} = 3" type="foritem">
<kw name="Read Cell Data" library="DataDrivenResource">
<arguments>
<arg>Sheet1</arg>
<arg>${i}</arg>
<arg>1</arg>
</arguments>
<assign>
<var>${username}</var>
</assign>
<kw name="Fetch Cell Data" library="DataDriven">
<arguments>
<arg>${Sheetname}</arg>
<arg>${row}</arg>
<arg>${col}</arg>
</arguments>
<assign>
<var>${cell_data}</var>
</assign>
<msg timestamp="20211111 00:58:52.531" level="INFO">${cell_data} = user3</msg>
<status status="PASS" starttime="20211111 00:58:52.531" endtime="20211111 00:58:52.531"></status>
</kw>
<msg timestamp="20211111 00:58:52.531" level="INFO">${username} = user3</msg>
<status status="PASS" starttime="20211111 00:58:52.530" endtime="20211111 00:58:52.531"></status>
</kw>
<kw name="Read Cell Data" library="DataDrivenResource">
<arguments>
<arg>Sheet1</arg>
<arg>${i}</arg>
<arg>2</arg>
</arguments>
<assign>
<var>${password}</var>
</assign>
<kw name="Fetch Cell Data" library="DataDriven">
<arguments>
<arg>${Sheetname}</arg>
<arg>${row}</arg>
<arg>${col}</arg>
</arguments>
<assign>
<var>${cell_data}</var>
</assign>
<msg timestamp="20211111 00:58:52.532" level="INFO">${cell_data} = pass3</msg>
<status status="PASS" starttime="20211111 00:58:52.532" endtime="20211111 00:58:52.532"></status>
</kw>
<msg timestamp="20211111 00:58:52.532" level="INFO">${password} = pass3</msg>
<status status="PASS" starttime="20211111 00:58:52.531" endtime="20211111 00:58:52.532"></status>
</kw>
<kw name="Input Text" library="SeleniumLibrary">
<doc>Types the given ``text`` into the text field identified by ``locator``.</doc>
<arguments>
<arg>name:username</arg>
<arg>${username}</arg>
</arguments>
<msg timestamp="20211111 00:58:52.532" level="INFO">Typing text 'user3' into text field 'name:username'.</msg>
<status status="PASS" starttime="20211111 00:58:52.532" endtime="20211111 00:58:52.562"></status>
</kw>
<kw name="Input Text" library="SeleniumLibrary">
<doc>Types the given ``text`` into the text field identified by ``locator``.</doc>
<arguments>
<arg>name:password</arg>
<arg>${password}</arg>
</arguments>
<msg timestamp="20211111 00:58:52.563" level="INFO">Typing text 'pass3' into text field 'name:password'.</msg>
<status status="PASS" starttime="20211111 00:58:52.562" endtime="20211111 00:58:52.585"></status>
</kw>
<kw name="Click Button" library="SeleniumLibrary">
<doc>Clicks the button identified by ``locator``.</doc>
<arguments>
<arg>xpath://button[@type='submit']</arg>
</arguments>
<msg timestamp="20211111 00:58:52.586" level="INFO">Clicking button 'xpath://button[@type='submit']'.</msg>
<status status="PASS" starttime="20211111 00:58:52.586" endtime="20211111 00:58:53.381"></status>
</kw>
<kw name="Sleep" library="BuiltIn">
<doc>Pauses the test executed for the given time.</doc>
<arguments>
<arg>5s</arg>
</arguments>
<msg timestamp="20211111 00:58:58.386" level="INFO">Slept 5 seconds</msg>
<status status="PASS" starttime="20211111 00:58:53.382" endtime="20211111 00:58:58.386"></status>
</kw>
<status status="PASS" starttime="20211111 00:58:52.530" endtime="20211111 00:58:58.386"></status>
</kw>
<kw name="${i} = 4" type="foritem">
<kw name="Read Cell Data" library="DataDrivenResource">
<arguments>
<arg>Sheet1</arg>
<arg>${i}</arg>
<arg>1</arg>
</arguments>
<assign>
<var>${username}</var>
</assign>
<kw name="Fetch Cell Data" library="DataDriven">
<arguments>
<arg>${Sheetname}</arg>
<arg>${row}</arg>
<arg>${col}</arg>
</arguments>
<assign>
<var>${cell_data}</var>
</assign>
<msg timestamp="20211111 00:58:58.389" level="INFO">${cell_data} = user4</msg>
<status status="PASS" starttime="20211111 00:58:58.388" endtime="20211111 00:58:58.389"></status>
</kw>
<msg timestamp="20211111 00:58:58.389" level="INFO">${username} = user4</msg>
<status status="PASS" starttime="20211111 00:58:58.387" endtime="20211111 00:58:58.389"></status>
</kw>
<kw name="Read Cell Data" library="DataDrivenResource">
<arguments>
<arg>Sheet1</arg>
<arg>${i}</arg>
<arg>2</arg>
</arguments>
<assign>
<var>${password}</var>
</assign>
<kw name="Fetch Cell Data" library="DataDriven">
<arguments>
<arg>${Sheetname}</arg>
<arg>${row}</arg>
<arg>${col}</arg>
</arguments>
<assign>
<var>${cell_data}</var>
</assign>
<msg timestamp="20211111 00:58:58.391" level="INFO">${cell_data} = pass4</msg>
<status status="PASS" starttime="20211111 00:58:58.390" endtime="20211111 00:58:58.391"></status>
</kw>
<msg timestamp="20211111 00:58:58.391" level="INFO">${password} = pass4</msg>
<status status="PASS" starttime="20211111 00:58:58.389" endtime="20211111 00:58:58.391"></status>
</kw>
<kw name="Input Text" library="SeleniumLibrary">
<doc>Types the given ``text`` into the text field identified by ``locator``.</doc>
<arguments>
<arg>name:username</arg>
<arg>${username}</arg>
</arguments>
<msg timestamp="20211111 00:58:58.392" level="INFO">Typing text 'user4' into text field 'name:username'.</msg>
<status status="PASS" starttime="20211111 00:58:58.391" endtime="20211111 00:58:58.425"></status>
</kw>
<kw name="Input Text" library="SeleniumLibrary">
<doc>Types the given ``text`` into the text field identified by ``locator``.</doc>
<arguments>
<arg>name:password</arg>
<arg>${password}</arg>
</arguments>
<msg timestamp="20211111 00:58:58.425" level="INFO">Typing text 'pass4' into text field 'name:password'.</msg>
<status status="PASS" starttime="20211111 00:58:58.425" endtime="20211111 00:58:58.447"></status>
</kw>
<kw name="Click Button" library="SeleniumLibrary">
<doc>Clicks the button identified by ``locator``.</doc>
<arguments>
<arg>xpath://button[@type='submit']</arg>
</arguments>
<msg timestamp="20211111 00:58:58.447" level="INFO">Clicking button 'xpath://button[@type='submit']'.</msg>
<status status="PASS" starttime="20211111 00:58:58.447" endtime="20211111 00:58:59.226"></status>
</kw>
<kw name="Sleep" library="BuiltIn">
<doc>Pauses the test executed for the given time.</doc>
<arguments>
<arg>5s</arg>
</arguments>
<msg timestamp="20211111 00:59:04.232" level="INFO">Slept 5 seconds</msg>
<status status="PASS" starttime="20211111 00:58:59.226" endtime="20211111 00:59:04.233"></status>
</kw>
<status status="PASS" starttime="20211111 00:58:58.387" endtime="20211111 00:59:04.233"></status>
</kw>
<kw name="${i} = 5" type="foritem">
<kw name="Read Cell Data" library="DataDrivenResource">
<arguments>
<arg>Sheet1</arg>
<arg>${i}</arg>
<arg>1</arg>
</arguments>
<assign>
<var>${username}</var>
</assign>
<kw name="Fetch Cell Data" library="DataDriven">
<arguments>
<arg>${Sheetname}</arg>
<arg>${row}</arg>
<arg>${col}</arg>
</arguments>
<assign>
<var>${cell_data}</var>
</assign>
<msg timestamp="20211111 00:59:04.236" level="INFO">${cell_data} = user5</msg>
<status status="PASS" starttime="20211111 00:59:04.235" endtime="20211111 00:59:04.236"></status>
</kw>
<msg timestamp="20211111 00:59:04.236" level="INFO">${username} = user5</msg>
<status status="PASS" starttime="20211111 00:59:04.234" endtime="20211111 00:59:04.236"></status>
</kw>
<kw name="Read Cell Data" library="DataDrivenResource">
<arguments>
<arg>Sheet1</arg>
<arg>${i}</arg>
<arg>2</arg>
</arguments>
<assign>
<var>${password}</var>
</assign>
<kw name="Fetch Cell Data" library="DataDriven">
<arguments>
<arg>${Sheetname}</arg>
<arg>${row}</arg>
<arg>${col}</arg>
</arguments>
<assign>
<var>${cell_data}</var>
</assign>
<msg timestamp="20211111 00:59:04.238" level="INFO">${cell_data} = pass5</msg>
<status status="PASS" starttime="20211111 00:59:04.237" endtime="20211111 00:59:04.238"></status>
</kw>
<msg timestamp="20211111 00:59:04.239" level="INFO">${password} = pass5</msg>
<status status="PASS" starttime="20211111 00:59:04.236" endtime="20211111 00:59:04.239"></status>
</kw>
<kw name="Input Text" library="SeleniumLibrary">
<doc>Types the given ``text`` into the text field identified by ``locator``.</doc>
<arguments>
<arg>name:username</arg>
<arg>${username}</arg>
</arguments>
<msg timestamp="20211111 00:59:04.239" level="INFO">Typing text 'user5' into text field 'name:username'.</msg>
<status status="PASS" starttime="20211111 00:59:04.239" endtime="20211111 00:59:04.271"></status>
</kw>
<kw name="Input Text" library="SeleniumLibrary">
<doc>Types the given ``text`` into the text field identified by ``locator``.</doc>
<arguments>
<arg>name:password</arg>
<arg>${password}</arg>
</arguments>
<msg timestamp="20211111 00:59:04.272" level="INFO">Typing text 'pass5' into text field 'name:password'.</msg>
<status status="PASS" starttime="20211111 00:59:04.271" endtime="20211111 00:59:04.298"></status>
</kw>
<kw name="Click Button" library="SeleniumLibrary">
<doc>Clicks the button identified by ``locator``.</doc>
<arguments>
<arg>xpath://button[@type='submit']</arg>
</arguments>
<msg timestamp="20211111 00:59:04.298" level="INFO">Clicking button 'xpath://button[@type='submit']'.</msg>
<status status="PASS" starttime="20211111 00:59:04.298" endtime="20211111 00:59:04.986"></status>
</kw>
<kw name="Sleep" library="BuiltIn">
<doc>Pauses the test executed for the given time.</doc>
<arguments>
<arg>5s</arg>
</arguments>
<msg timestamp="20211111 00:59:09.997" level="INFO">Slept 5 seconds</msg>
<status status="PASS" starttime="20211111 00:59:04.986" endtime="20211111 00:59:09.998"></status>
</kw>
<status status="PASS" starttime="20211111 00:59:04.233" endtime="20211111 00:59:09.998"></status>
</kw>
<status status="PASS" starttime="20211111 00:58:40.722" endtime="20211111 00:59:09.998"></status>
</kw>
<kw name="Close Browser" library="SeleniumLibrary">
<doc>Closes the current browser.</doc>
<status status="PASS" starttime="20211111 00:59:09.999" endtime="20211111 00:59:10.862"></status>
</kw>
<status status="PASS" starttime="20211111 00:58:28.818" endtime="20211111 00:59:10.862" critical="yes"></status>
</test>
<status status="PASS" starttime="20211111 00:58:28.026" endtime="20211111 00:59:10.864"></status>
</suite>
<statistics>
<total>
<stat pass="1" fail="0">Critical Tests</stat>
<stat pass="1" fail="0">All Tests</stat>
</total>
<tag>
</tag>
<suite>
<stat pass="1" fail="0" id="s1" name="DataDrivenTesting">DataDrivenTesting</stat>
</suite>
</statistics>
<errors>
</errors>
</robot>
